<?xml version="1.0" encoding="UTF-8"?>
<!-- Generated by org.testng.reporters.JUnitXMLReporter -->
<testsuite hostname="IND04865" ignored="0" name="Parallel Test Execution" tests="2" failures="1" timestamp="2021-01-10T21:23:47 IST" time="10.928" errors="0">
  <testcase name="ChromeExecution" time="0.086" classname="com.testone.ParallelExecution">
    <failure type="java.lang.IllegalStateException" message="The driver executable does not exist: D:\SimpliLearn\SimpliLearn Workspace\MavenDemo\.\BrowserUtils\chrome.exe">
      <![CDATA[java.lang.IllegalStateException: The driver executable does not exist: D:\SimpliLearn\SimpliLearn Workspace\MavenDemo\.\BrowserUtils\chrome.exe
at com.google.common.base.Preconditions.checkState(Preconditions.java:585)
at org.openqa.selenium.remote.service.DriverService.checkExecutable(DriverService.java:146)
at org.openqa.selenium.remote.service.DriverService.findExecutable(DriverService.java:141)
at org.openqa.selenium.chrome.ChromeDriverService.access$000(ChromeDriverService.java:35)
at org.openqa.selenium.chrome.ChromeDriverService$Builder.findDefaultExecutable(ChromeDriverService.java:159)
at org.openqa.selenium.remote.service.DriverService$Builder.build(DriverService.java:355)
at org.openqa.selenium.chrome.ChromeDriverService.createDefaultService(ChromeDriverService.java:94)
at org.openqa.selenium.chrome.ChromeDriver.<init>(ChromeDriver.java:123)
at com.testone.ParallelExecution.ChromeExecution(ParallelExecution.java:18)
at java.util.concurrent.ThreadPoolExecutor.runWorker(ThreadPoolExecutor.java:1149)
at java.util.concurrent.ThreadPoolExecutor$Worker.run(ThreadPoolExecutor.java:624)
at java.lang.Thread.run(Thread.java:748)
... Removed 12 stack frames]]>
    </failure>
  </testcase> <!-- ChromeExecution -->
  <testcase name="FirefoxExecution" time="10.867" classname="com.testone.ParallelExecution"/>
</testsuite> <!-- Parallel Test Execution -->
